<?xml version="1.0" encoding="UTF-8"?>
<!-- Generated by org.testng.reporters.JUnitXMLReporter -->
<testsuite ignored="0" hostname="DESKTOP-UMJVHA9" failures="0" tests="3" name="chrometest" time="34.738" errors="0" timestamp="2026-01-11T20:43:11 IST">
  <testcase classname="TestNG.ParamTest" name="testLogo" time="0.089"/>
  <testcase classname="TestNG.ParamTest" name="testTitle" time="0.015"/>
  <testcase classname="TestNG.ParamTest" name="testURL" time="0.014"/>
</testsuite> <!-- chrometest -->
