<?xml version="1.0" encoding="UTF-8"?>
<!-- Generated by org.testng.reporters.JUnitXMLReporter -->
<testsuite ignored="0" hostname="DESKTOP-UMJVHA9" failures="0" tests="4" name="Test" time="30.711" errors="0" timestamp="2026-01-11T20:46:48 IST">
  <testcase classname="TestNG.OrangeHRMTest" name="openapp" time="24.234"/>
  <testcase classname="TestNG.OrangeHRMTest" name="testLogo" time="3.09"/>
  <testcase classname="TestNG.OrangeHRMTest" name="testLogin" time="3.035"/>
  <testcase classname="TestNG.OrangeHRMTest" name="CloseApp" time="0.247"/>
</testsuite> <!-- Test -->
