<?xml version="1.0" encoding="UTF-8"?>
<testsuite xmlns:xsi="http://www.w3.org/2001/XMLSchema-instance" xsi:noNamespaceSchemaLocation="https://maven.apache.org/surefire/maven-surefire-plugin/xsd/surefire-test-report-3.0.xsd" version="3.0" name="TestSuite" time="11.825" tests="2" errors="0" skipped="0" failures="0">
  <properties>
[...]
</properties>
  <testcase name="verify_account_registration" classname="testCases.TC01_AccountRegistrationTest" time="2.038">
    <system-err><![CDATA[2026-01-29T09:01:54.764656600Z main INFO Starting configuration XmlConfiguration[location=C:\workspaces\Selenium Java\Selenium_Maven_135\target\test-classes\log4j2.xml, lastModified=2026-01-05T10:02:34.339Z]...
2026-01-29T09:01:54.766649200Z main INFO Configuration XmlConfiguration[location=C:\workspaces\Selenium Java\Selenium_Maven_135\target\test-classes\log4j2.xml, lastModified=2026-01-05T10:02:34.339Z] started.
2026-01-29T09:01:54.768643900Z main INFO Stopping configuration org.apache.logging.log4j.core.config.DefaultConfiguration@5c909414...
2026-01-29T09:01:54.768643900Z main INFO Configuration org.apache.logging.log4j.core.config.DefaultConfiguration@5c909414 stopped.
Jan 29, 2026 2:31:55 PM org.openqa.selenium.manager.SeleniumManager lambda$runCommand$1
WARNING: The chromedriver version (143.0.7499.169) detected in PATH at C:\Users\Dell\Downloads\chromedriver-win64 (2)\chromedriver-win64\chromedriver.exe might not be compatible with the detected chrome version (144.0.7559.109); currently, chromedriver 144.0.7559.109 is recommended for chrome 144.*, so it is advised to delete the driver in PATH and retry
Jan 29, 2026 2:31:57 PM org.openqa.selenium.devtools.CdpVersionFinder findNearestMatch
WARNING: Unable to find an exact match for CDP version 144, returning the closest version; found: 140; Please update to a Selenium version that supports CDP version 144
]]></system-err>
  </testcase>
  <testcase name="verify_login" classname="testCases.TC02_LoginTest" time="1.724">
    <system-err><![CDATA[Jan 29, 2026 2:32:00 PM org.openqa.selenium.manager.SeleniumManager lambda$runCommand$1
WARNING: The chromedriver version (143.0.7499.169) detected in PATH at C:\Users\Dell\Downloads\chromedriver-win64 (2)\chromedriver-win64\chromedriver.exe might not be compatible with the detected chrome version (144.0.7559.109); currently, chromedriver 144.0.7559.109 is recommended for chrome 144.*, so it is advised to delete the driver in PATH and retry
Jan 29, 2026 2:32:01 PM org.openqa.selenium.devtools.CdpVersionFinder findNearestMatch
WARNING: Unable to find an exact match for CDP version 144, returning the closest version; found: 140; Please update to a Selenium version that supports CDP version 144
]]></system-err>
  </testcase>
</testsuite>