<?xml version="1.0" encoding="UTF-8"?>
<testng-results ignored="0" total="2" passed="2" failed="0" skipped="0">
  <reporter-output>
  </reporter-output>
  <suite started-at="2026-01-29T14:31:55 IST" name="masterregression" finished-at="2026-01-29T14:32:04 IST" duration-ms="9301">
    <groups>
      <group name="Master">
        <method signature="TC01_AccountRegistrationTest.verify_account_registration()[pri:0, instance:testCases.TC01_AccountRegistrationTest@512baff6]" name="verify_account_registration" class="testCases.TC01_AccountRegistrationTest"/>
        <method signature="TC02_LoginTest.verify_login()[pri:0, instance:testCases.TC02_LoginTest@130e116b]" name="verify_login" class="testCases.TC02_LoginTest"/>
      </group> <!-- Master -->
      <group name="Sanity">
        <method signature="TC02_LoginTest.verify_login()[pri:0, instance:testCases.TC02_LoginTest@130e116b]" name="verify_login" class="testCases.TC02_LoginTest"/>
      </group> <!-- Sanity -->
      <group name="Regression">
        <method signature="TC01_AccountRegistrationTest.verify_account_registration()[pri:0, instance:testCases.TC01_AccountRegistrationTest@512baff6]" name="verify_account_registration" class="testCases.TC01_AccountRegistrationTest"/>
      </group> <!-- Regression -->
    </groups>
    <test started-at="2026-01-29T14:31:55 IST" name="Test" finished-at="2026-01-29T14:32:04 IST" duration-ms="9301">
      <class name="testCases.TC01_AccountRegistrationTest">
        <test-method is-config="true" signature="setup(java.lang.String,java.lang.String)[pri:0, instance:testCases.TC01_AccountRegistrationTest@512baff6]" started-at="2026-01-29T14:31:55 IST" name="setup" finished-at="2026-01-29T14:31:58 IST" duration-ms="2719" status="PASS">
          <params>
            <param index="0">
              <value>
                <![CDATA[Windows]]>
              </value>
            </param>
            <param index="1">
              <value>
                <![CDATA[chrome]]>
              </value>
            </param>
          </params>
          <reporter-output>
          </reporter-output>
        </test-method> <!-- setup -->
        <test-method signature="verify_account_registration()[pri:0, instance:testCases.TC01_AccountRegistrationTest@512baff6]" started-at="2026-01-29T14:31:58 IST" name="verify_account_registration" finished-at="2026-01-29T14:32:00 IST" duration-ms="2027" status="PASS">
          <reporter-output>
          </reporter-output>
        </test-method> <!-- verify_account_registration -->
        <test-method is-config="true" signature="tearDown()[pri:0, instance:testCases.TC01_AccountRegistrationTest@512baff6]" started-at="2026-01-29T14:32:00 IST" name="tearDown" finished-at="2026-01-29T14:32:00 IST" duration-ms="357" status="PASS">
          <reporter-output>
          </reporter-output>
        </test-method> <!-- tearDown -->
      </class> <!-- testCases.TC01_AccountRegistrationTest -->
      <class name="testCases.TC02_LoginTest">
        <test-method is-config="true" signature="setup(java.lang.String,java.lang.String)[pri:0, instance:testCases.TC02_LoginTest@130e116b]" started-at="2026-01-29T14:32:00 IST" name="setup" finished-at="2026-01-29T14:32:02 IST" duration-ms="1851" status="PASS">
          <params>
            <param index="0">
              <value>
                <![CDATA[Windows]]>
              </value>
            </param>
            <param index="1">
              <value>
                <![CDATA[chrome]]>
              </value>
            </param>
          </params>
          <reporter-output>
          </reporter-output>
        </test-method> <!-- setup -->
        <test-method signature="verify_login()[pri:0, instance:testCases.TC02_LoginTest@130e116b]" started-at="2026-01-29T14:32:02 IST" name="verify_login" finished-at="2026-01-29T14:32:04 IST" duration-ms="1720" status="PASS">
          <reporter-output>
          </reporter-output>
        </test-method> <!-- verify_login -->
        <test-method is-config="true" signature="tearDown()[pri:0, instance:testCases.TC02_LoginTest@130e116b]" started-at="2026-01-29T14:32:04 IST" name="tearDown" finished-at="2026-01-29T14:32:04 IST" duration-ms="312" status="PASS">
          <reporter-output>
          </reporter-output>
        </test-method> <!-- tearDown -->
      </class> <!-- testCases.TC02_LoginTest -->
    </test> <!-- Test -->
  </suite> <!-- masterregression -->
</testng-results>
