<?xml version="1.0" encoding="UTF-8"?>
<!-- Generated by org.testng.reporters.JUnitXMLReporter -->
<testsuite ignored="0" hostname="DESKTOP-UMJVHA9" failures="2" tests="5" name="Test" time="38.365" errors="0" timestamp="2026-03-25T15:02:15 IST">
  <testcase classname="testCases.TC03_LoginDTT" name="verify_loginDDT" time="5.744"/>
  <testcase classname="testCases.TC03_LoginDTT" name="verify_loginDDT" time="1.62">
    <failure type="java.lang.AssertionError" message="expected [true] but found [false]">
      <![CDATA[java.lang.AssertionError: expected [true] but found [false]
at testCases.TC03_LoginDTT.verify_loginDDT(TC03_LoginDTT.java:65)
at java.base/java.util.ArrayList.forEach(ArrayList.java:1511)
... Removed 31 stack frames]]>
    </failure>
  </testcase> <!-- verify_loginDDT -->
  <testcase classname="testCases.TC03_LoginDTT" name="verify_loginDDT" time="2.33">
    <failure type="java.lang.AssertionError" message="expected [true] but found [false]">
      <![CDATA[java.lang.AssertionError: expected [true] but found [false]
at testCases.TC03_LoginDTT.verify_loginDDT(TC03_LoginDTT.java:65)
at java.base/java.util.ArrayList.forEach(ArrayList.java:1511)
... Removed 31 stack frames]]>
    </failure>
  </testcase> <!-- verify_loginDDT -->
  <testcase classname="testCases.TC03_LoginDTT" name="verify_loginDDT" time="13.945"/>
  <testcase classname="testCases.TC03_LoginDTT" name="verify_loginDDT" time="4.95"/>
</testsuite> <!-- Test -->
