<?xml version="1.0" encoding="UTF-8"?>
<testng-results ignored="0" total="1" passed="1" failed="0" skipped="0">
  <reporter-output>
  </reporter-output>
  <suite started-at="2026-03-23T21:25:54 IST" name="Suite" finished-at="2026-03-23T21:26:07 IST" duration-ms="12714">
    <groups>
    </groups>
    <test started-at="2026-03-23T21:25:54 IST" name="Test" finished-at="2026-03-23T21:26:07 IST" duration-ms="12714">
      <class name="TestNG.POM_LoginTest">
        <test-method is-config="true" signature="setup()[pri:0, instance:TestNG.POM_LoginTest@139982de]" started-at="2026-03-23T21:25:54 IST" name="setup" finished-at="2026-03-23T21:26:01 IST" duration-ms="6826" status="PASS">
          <reporter-output>
          </reporter-output>
        </test-method> <!-- setup -->
        <test-method signature="testLogin()[pri:0, instance:TestNG.POM_LoginTest@139982de]" started-at="2026-03-23T21:26:01 IST" name="testLogin" finished-at="2026-03-23T21:26:06 IST" duration-ms="5287" status="PASS">
          <reporter-output>
          </reporter-output>
        </test-method> <!-- testLogin -->
        <test-method is-config="true" signature="tearDown()[pri:0, instance:TestNG.POM_LoginTest@139982de]" started-at="2026-03-23T21:26:06 IST" name="tearDown" finished-at="2026-03-23T21:26:07 IST" duration-ms="535" status="PASS">
          <reporter-output>
          </reporter-output>
        </test-method> <!-- tearDown -->
      </class> <!-- TestNG.POM_LoginTest -->
    </test> <!-- Test -->
  </suite> <!-- Suite -->
</testng-results>
