<?xml version="1.0" encoding="UTF-8"?>
<testng-results ignored="0" total="4" passed="4" failed="0" skipped="0">
  <reporter-output>
  </reporter-output>
  <suite started-at="2026-01-11T20:46:18 IST" name="Suite" finished-at="2026-01-11T20:46:48 IST" duration-ms="30711">
    <groups>
      <group name="regression">
        <method signature="OrangeHRMTest.openapp()[pri:1, instance:TestNG.OrangeHRMTest@51399530]" name="openapp" class="TestNG.OrangeHRMTest"/>
        <method signature="OrangeHRMTest.testLogo()[pri:2, instance:TestNG.OrangeHRMTest@51399530]" name="testLogo" class="TestNG.OrangeHRMTest"/>
        <method signature="OrangeHRMTest.testLogin()[pri:3, instance:TestNG.OrangeHRMTest@51399530]" name="testLogin" class="TestNG.OrangeHRMTest"/>
        <method signature="OrangeHRMTest.CloseApp()[pri:4, instance:TestNG.OrangeHRMTest@51399530]" name="CloseApp" class="TestNG.OrangeHRMTest"/>
      </group> <!-- regression -->
    </groups>
    <test started-at="2026-01-11T20:46:18 IST" name="Test" finished-at="2026-01-11T20:46:48 IST" duration-ms="30711">
      <class name="TestNG.OrangeHRMTest">
        <test-method signature="openapp()[pri:1, instance:TestNG.OrangeHRMTest@51399530]" started-at="2026-01-11T20:46:18 IST" name="openapp" finished-at="2026-01-11T20:46:42 IST" duration-ms="24234" status="PASS">
          <reporter-output>
          </reporter-output>
        </test-method> <!-- openapp -->
        <test-method signature="testLogo()[pri:2, instance:TestNG.OrangeHRMTest@51399530]" started-at="2026-01-11T20:46:42 IST" name="testLogo" finished-at="2026-01-11T20:46:45 IST" duration-ms="3090" status="PASS">
          <reporter-output>
          </reporter-output>
        </test-method> <!-- testLogo -->
        <test-method signature="testLogin()[pri:3, instance:TestNG.OrangeHRMTest@51399530]" started-at="2026-01-11T20:46:45 IST" name="testLogin" finished-at="2026-01-11T20:46:48 IST" duration-ms="3035" status="PASS">
          <reporter-output>
          </reporter-output>
        </test-method> <!-- testLogin -->
        <test-method signature="CloseApp()[pri:4, instance:TestNG.OrangeHRMTest@51399530]" started-at="2026-01-11T20:46:48 IST" name="CloseApp" finished-at="2026-01-11T20:46:48 IST" duration-ms="247" status="PASS">
          <reporter-output>
          </reporter-output>
        </test-method> <!-- CloseApp -->
      </class> <!-- TestNG.OrangeHRMTest -->
    </test> <!-- Test -->
  </suite> <!-- Suite -->
</testng-results>
