<?xml version="1.0" encoding="UTF-8"?>
<!-- Generated by org.testng.reporters.JUnitReportReporter -->
<testsuite hostname="DESKTOP-UMJVHA9" failures="0" tests="6" name="TestNG.ParamTest" time="0.271" errors="0" timestamp="2026-01-11T20:43:11 IST" skipped="0">
  <testcase classname="TestNG.ParamTest" name="testLogo" time="0.108"/>
  <testcase classname="TestNG.ParamTest" name="testLogo" time="0.089"/>
  <testcase classname="TestNG.ParamTest" name="testTitle" time="0.015"/>
  <testcase classname="TestNG.ParamTest" name="testTitle" time="0.022"/>
  <testcase classname="TestNG.ParamTest" name="testURL" time="0.023"/>
  <testcase classname="TestNG.ParamTest" name="testURL" time="0.014"/>
</testsuite> <!-- TestNG.ParamTest -->
