<?xml version="1.0" encoding="UTF-8"?>
<!-- Generated by org.testng.reporters.JUnitReportReporter -->
<testsuite hostname="DESKTOP-UMJVHA9" failures="0" tests="6" name="TestNG.ParamTest" time="10.246" errors="0" timestamp="2026-03-23T14:43:15 IST" skipped="0">
  <testcase classname="TestNG.ParamTest" name="testLogo" time="5.064"/>
  <testcase classname="TestNG.ParamTest" name="testLogo" time="5.093"/>
  <testcase classname="TestNG.ParamTest" name="testTitle" time="0.015"/>
  <testcase classname="TestNG.ParamTest" name="testTitle" time="0.033"/>
  <testcase classname="TestNG.ParamTest" name="testURL" time="0.029"/>
  <testcase classname="TestNG.ParamTest" name="testURL" time="0.012"/>
</testsuite> <!-- TestNG.ParamTest -->
